{"/home/warren/dev/wingaru-jobtest/src/components/form.svelte": {"path":"/home/warren/dev/wingaru-jobtest/src/components/form.svelte","statementMap":{"0":{"start":{"line":2,"column":14},"end":{"line":2,"column":null}},"1":{"start":{"line":3,"column":17},"end":{"line":3,"column":null}},"2":{"start":{"line":64,"column":54},"end":{"line":64,"column":78}},"3":{"start":{"line":52,"column":1},"end":{"line":77,"column":null}},"4":{"start":{"line":53,"column":2},"end":{"line":56,"column":null}},"5":{"start":{"line":54,"column":3},"end":{"line":54,"column":null}},"6":{"start":{"line":55,"column":3},"end":{"line":55,"column":null}},"7":{"start":{"line":55,"column":56},"end":{"line":55,"column":72}},"8":{"start":{"line":57,"column":2},"end":{"line":60,"column":null}},"9":{"start":{"line":58,"column":3},"end":{"line":58,"column":null}},"10":{"start":{"line":59,"column":3},"end":{"line":59,"column":null}},"11":{"start":{"line":59,"column":46},"end":{"line":59,"column":63}},"12":{"start":{"line":62,"column":2},"end":{"line":65,"column":null}},"13":{"start":{"line":63,"column":3},"end":{"line":63,"column":null}},"14":{"start":{"line":64,"column":3},"end":{"line":64,"column":null}},"15":{"start":{"line":64,"column":44},"end":{"line":64,"column":54}},"16":{"start":{"line":67,"column":2},"end":{"line":70,"column":null}},"17":{"start":{"line":68,"column":3},"end":{"line":68,"column":null}},"18":{"start":{"line":69,"column":3},"end":{"line":69,"column":null}},"19":{"start":{"line":69,"column":46},"end":{"line":69,"column":54}},"20":{"start":{"line":72,"column":2},"end":{"line":76,"column":null}},"21":{"start":{"line":48,"column":1},"end":{"line":50,"column":null}},"22":{"start":{"line":49,"column":2},"end":{"line":49,"column":null}},"23":{"start":{"line":48,"column":66},"end":{"line":48,"column":null}},"24":{"start":{"line":47,"column":5},"end":{"line":47,"column":null}},"25":{"start":{"line":47,"column":18},"end":{"line":47,"column":null}},"26":{"start":{"line":5,"column":12},"end":{"line":5,"column":14}},"27":{"start":{"line":6,"column":13},"end":{"line":6,"column":15}},"28":{"start":{"line":7,"column":11},"end":{"line":7,"column":13}},"29":{"start":{"line":8,"column":13},"end":{"line":8,"column":19}},"30":{"start":{"line":11,"column":13},"end":{"line":11,"column":null}},"31":{"start":{"line":12,"column":22},"end":{"line":12,"column":null}},"32":{"start":{"line":13,"column":23},"end":{"line":13,"column":null}},"33":{"start":{"line":14,"column":21},"end":{"line":14,"column":null}},"34":{"start":{"line":16,"column":14},"end":{"line":16,"column":30}},"35":{"start":{"line":17,"column":10},"end":{"line":17,"column":12}},"36":{"start":{"line":18,"column":10},"end":{"line":18,"column":12}},"37":{"start":{"line":21,"column":3},"end":{"line":21,"column":null}},"38":{"start":{"line":25,"column":3},"end":{"line":25,"column":null}},"39":{"start":{"line":27,"column":3},"end":{"line":27,"column":null}},"40":{"start":{"line":30,"column":9},"end":{"line":30,"column":null}},"41":{"start":{"line":33,"column":21},"end":{"line":33,"column":26}},"42":{"start":{"line":36,"column":2},"end":{"line":40,"column":null}},"43":{"start":{"line":43,"column":2},"end":{"line":43,"column":null}}},"fnMap":{},"branchMap":{"0":{"loc":{"start":{"line":55,"column":56},"end":{"line":55,"column":72}},"type":"binary-expr","locations":[{"start":{"line":55,"column":56},"end":{"line":55,"column":60}},{"start":{"line":55,"column":56},"end":{"line":55,"column":72}}]},"1":{"loc":{"start":{"line":59,"column":46},"end":{"line":59,"column":63}},"type":"binary-expr","locations":[{"start":{"line":59,"column":46},"end":{"line":59,"column":51}},{"start":{"line":59,"column":46},"end":{"line":59,"column":63}}]},"2":{"loc":{"start":{"line":48,"column":66},"end":{"line":48,"column":null}},"type":"if","locations":[{"start":{"line":48,"column":66},"end":{"line":48,"column":null}}]},"3":{"loc":{"start":{"line":47,"column":5},"end":{"line":47,"column":null}},"type":"if","locations":[{"start":{"line":47,"column":5},"end":{"line":47,"column":null}}]}},"s":{"0":1,"1":1,"2":1,"3":1,"4":1,"5":1,"6":1,"7":1,"8":1,"9":1,"10":1,"11":1,"12":1,"13":1,"14":1,"15":1,"16":1,"17":1,"18":1,"19":1,"20":1,"21":0,"22":0,"23":0,"24":1,"25":0,"26":1,"27":1,"28":1,"29":1,"30":1,"31":1,"32":1,"33":1,"34":1,"35":1,"36":1,"37":1,"38":0,"39":1,"40":1,"41":1,"42":0,"43":0},"f":{},"b":{"0":[0,0],"1":[0,0],"2":[0],"3":[0]}}
,"/home/warren/dev/wingaru-jobtest/src/components/nav.svelte": {"path":"/home/warren/dev/wingaru-jobtest/src/components/nav.svelte","statementMap":{"0":{"start":{"line":1,"column":0},"end":{"line":4,"column":null}},"1":{"start":{"line":2,"column":1},"end":{"line":2,"column":null}},"2":{"start":{"line":3,"column":1},"end":{"line":3,"column":null}}},"fnMap":{},"branchMap":{},"s":{"0":1,"1":1,"2":1},"f":{},"b":{}}
,"/home/warren/dev/wingaru-jobtest/src/components/result-table.svelte": {"path":"/home/warren/dev/wingaru-jobtest/src/components/result-table.svelte","statementMap":{"0":{"start":{"line":2,"column":14},"end":{"line":2,"column":null}},"1":{"start":{"line":29,"column":7},"end":{"line":29,"column":null}},"2":{"start":{"line":31,"column":78},"end":{"line":31,"column":92}},"3":{"start":{"line":33,"column":58},"end":{"line":33,"column":72}},"4":{"start":{"line":35,"column":78},"end":{"line":35,"column":91}},"5":{"start":{"line":36,"column":78},"end":{"line":36,"column":91}},"6":{"start":{"line":37,"column":78},"end":{"line":37,"column":93}},"7":{"start":{"line":33,"column":43},"end":{"line":33,"column":58}},"8":{"start":{"line":38,"column":58},"end":{"line":38,"column":74}},"9":{"start":{"line":27,"column":3},"end":{"line":39,"column":null}},"10":{"start":{"line":28,"column":4},"end":{"line":30,"column":null}},"11":{"start":{"line":31,"column":4},"end":{"line":31,"column":null}},"12":{"start":{"line":32,"column":4},"end":{"line":34,"column":null}},"13":{"start":{"line":33,"column":6},"end":{"line":33,"column":null}},"14":{"start":{"line":35,"column":4},"end":{"line":35,"column":null}},"15":{"start":{"line":36,"column":4},"end":{"line":36,"column":null}},"16":{"start":{"line":37,"column":4},"end":{"line":37,"column":null}},"17":{"start":{"line":38,"column":4},"end":{"line":38,"column":null}},"18":{"start":{"line":29,"column":21},"end":{"line":29,"column":null}},"19":{"start":{"line":31,"column":87},"end":{"line":31,"column":92}},"20":{"start":{"line":33,"column":68},"end":{"line":33,"column":72}},"21":{"start":{"line":35,"column":86},"end":{"line":35,"column":91}},"22":{"start":{"line":36,"column":86},"end":{"line":36,"column":91}},"23":{"start":{"line":37,"column":88},"end":{"line":37,"column":93}},"24":{"start":{"line":26,"column":9},"end":{"line":26,"column":29}},"25":{"start":{"line":26,"column":29},"end":{"line":26,"column":null}},"26":{"start":{"line":26,"column":4},"end":{"line":26,"column":8}},"27":{"start":{"line":5,"column":0},"end":{"line":42,"column":null}},"28":{"start":{"line":6,"column":1},"end":{"line":24,"column":null}},"29":{"start":{"line":7,"column":2},"end":{"line":23,"column":null}},"30":{"start":{"line":8,"column":3},"end":{"line":10,"column":null}},"31":{"start":{"line":11,"column":3},"end":{"line":11,"column":null}},"32":{"start":{"line":12,"column":3},"end":{"line":12,"column":null}},"33":{"start":{"line":13,"column":3},"end":{"line":15,"column":null}},"34":{"start":{"line":16,"column":3},"end":{"line":16,"column":null}},"35":{"start":{"line":17,"column":3},"end":{"line":19,"column":null}},"36":{"start":{"line":20,"column":3},"end":{"line":22,"column":null}},"37":{"start":{"line":25,"column":1},"end":{"line":41,"column":null}}},"fnMap":{"0":{"name":"(anonymous_7)","decl":{"start":{"line":26,"column":29},"end":{"line":26,"column":33}},"loc":{"start":{"line":26,"column":29},"end":{"line":26,"column":null}}}},"branchMap":{"0":{"loc":{"start":{"line":29,"column":7},"end":{"line":29,"column":null}},"type":"if","locations":[{"start":{"line":29,"column":7},"end":{"line":29,"column":null}}]},"1":{"loc":{"start":{"line":29,"column":7},"end":{"line":29,"column":null}},"type":"binary-expr","locations":[{"start":{"line":29,"column":7},"end":{"line":29,"column":11}},{"start":{"line":29,"column":7},"end":{"line":29,"column":null}}]},"2":{"loc":{"start":{"line":31,"column":78},"end":{"line":31,"column":92}},"type":"if","locations":[{"start":{"line":31,"column":78},"end":{"line":31,"column":92}}]},"3":{"loc":{"start":{"line":31,"column":78},"end":{"line":31,"column":92}},"type":"binary-expr","locations":[{"start":{"line":31,"column":78},"end":{"line":31,"column":82}},{"start":{"line":31,"column":78},"end":{"line":31,"column":92}}]},"4":{"loc":{"start":{"line":33,"column":58},"end":{"line":33,"column":72}},"type":"if","locations":[{"start":{"line":33,"column":58},"end":{"line":33,"column":72}}]},"5":{"loc":{"start":{"line":33,"column":58},"end":{"line":33,"column":72}},"type":"binary-expr","locations":[{"start":{"line":33,"column":58},"end":{"line":33,"column":62}},{"start":{"line":33,"column":58},"end":{"line":33,"column":72}}]},"6":{"loc":{"start":{"line":33,"column":43},"end":{"line":33,"column":58}},"type":"binary-expr","locations":[{"start":{"line":33,"column":43},"end":{"line":33,"column":47}},{"start":{"line":33,"column":43},"end":{"line":33,"column":58}}]},"7":{"loc":{"start":{"line":35,"column":78},"end":{"line":35,"column":91}},"type":"if","locations":[{"start":{"line":35,"column":78},"end":{"line":35,"column":91}}]},"8":{"loc":{"start":{"line":35,"column":78},"end":{"line":35,"column":91}},"type":"binary-expr","locations":[{"start":{"line":35,"column":78},"end":{"line":35,"column":82}},{"start":{"line":35,"column":78},"end":{"line":35,"column":91}}]},"9":{"loc":{"start":{"line":36,"column":78},"end":{"line":36,"column":91}},"type":"if","locations":[{"start":{"line":36,"column":78},"end":{"line":36,"column":91}}]},"10":{"loc":{"start":{"line":36,"column":78},"end":{"line":36,"column":91}},"type":"binary-expr","locations":[{"start":{"line":36,"column":78},"end":{"line":36,"column":82}},{"start":{"line":36,"column":78},"end":{"line":36,"column":91}}]},"11":{"loc":{"start":{"line":37,"column":78},"end":{"line":37,"column":93}},"type":"if","locations":[{"start":{"line":37,"column":78},"end":{"line":37,"column":93}}]},"12":{"loc":{"start":{"line":37,"column":78},"end":{"line":37,"column":93}},"type":"binary-expr","locations":[{"start":{"line":37,"column":78},"end":{"line":37,"column":82}},{"start":{"line":37,"column":78},"end":{"line":37,"column":93}}]},"13":{"loc":{"start":{"line":38,"column":58},"end":{"line":38,"column":74}},"type":"binary-expr","locations":[{"start":{"line":38,"column":58},"end":{"line":38,"column":62}},{"start":{"line":38,"column":58},"end":{"line":38,"column":74}}]}},"s":{"0":1,"1":0,"2":0,"3":0,"4":0,"5":0,"6":0,"7":0,"8":0,"9":0,"10":0,"11":0,"12":0,"13":0,"14":0,"15":0,"16":0,"17":0,"18":0,"19":0,"20":0,"21":0,"22":0,"23":0,"24":1,"25":1,"26":1,"27":1,"28":1,"29":1,"30":1,"31":1,"32":1,"33":1,"34":1,"35":1,"36":1,"37":1},"f":{"0":0},"b":{"0":[0],"1":[0,0],"2":[0],"3":[0,0],"4":[0],"5":[0,0],"6":[0,0],"7":[0],"8":[0,0],"9":[0],"10":[0,0],"11":[0],"12":[0,0],"13":[0,0]}}
,"/home/warren/dev/wingaru-jobtest/src/stores/data-store.ts": {"path":"/home/warren/dev/wingaru-jobtest/src/stores/data-store.ts","statementMap":{"0":{"start":{"line":1,"column":0},"end":{"line":1,"column":40}},"1":{"start":{"line":2,"column":0},"end":{"line":2,"column":24}},"2":{"start":{"line":4,"column":22},"end":{"line":11,"column":2}},"3":{"start":{"line":15,"column":25},"end":{"line":15,"column":27}},"4":{"start":{"line":17,"column":0},"end":{"line":21,"column":null}},"5":{"start":{"line":18,"column":1},"end":{"line":20,"column":null}},"6":{"start":{"line":19,"column":2},"end":{"line":19,"column":60}},"7":{"start":{"line":23,"column":13},"end":{"line":23,"column":37}},"8":{"start":{"line":25,"column":26},"end":{"line":30,"column":2}},"9":{"start":{"line":34,"column":23},"end":{"line":74,"column":1}},"10":{"start":{"line":35,"column":15},"end":{"line":35,"column":25}},"11":{"start":{"line":36,"column":21},"end":{"line":36,"column":40}},"12":{"start":{"line":37,"column":22},"end":{"line":37,"column":42}},"13":{"start":{"line":39,"column":18},"end":{"line":39,"column":37}},"14":{"start":{"line":40,"column":17},"end":{"line":40,"column":39}},"15":{"start":{"line":41,"column":18},"end":{"line":41,"column":41}},"16":{"start":{"line":44,"column":16},"end":{"line":44,"column":37}},"17":{"start":{"line":49,"column":1},"end":{"line":55,"column":null}},"18":{"start":{"line":51,"column":2},"end":{"line":51,"column":37}},"19":{"start":{"line":53,"column":2},"end":{"line":53,"column":16}},"20":{"start":{"line":54,"column":2},"end":{"line":54,"column":42}},"21":{"start":{"line":60,"column":1},"end":{"line":64,"column":null}},"22":{"start":{"line":61,"column":2},"end":{"line":61,"column":30}},"23":{"start":{"line":63,"column":2},"end":{"line":63,"column":35}},"24":{"start":{"line":65,"column":1},"end":{"line":73,"column":4}},"25":{"start":{"line":65,"column":23},"end":{"line":73,"column":3}},"26":{"start":{"line":34,"column":13},"end":{"line":34,"column":23}},"27":{"start":{"line":76,"column":0},"end":{"line":80,"column":3}},"28":{"start":{"line":77,"column":1},"end":{"line":79,"column":null}},"29":{"start":{"line":78,"column":2},"end":{"line":78,"column":44}}},"fnMap":{"0":{"name":"(anonymous_0)","decl":{"start":{"line":34,"column":23},"end":{"line":34,"column":24}},"loc":{"start":{"line":34,"column":43},"end":{"line":74,"column":1}}},"1":{"name":"(anonymous_1)","decl":{"start":{"line":65,"column":13},"end":{"line":65,"column":14}},"loc":{"start":{"line":65,"column":23},"end":{"line":73,"column":3}}},"2":{"name":"(anonymous_2)","decl":{"start":{"line":76,"column":15},"end":{"line":76,"column":16}},"loc":{"start":{"line":76,"column":25},"end":{"line":80,"column":1}}}},"branchMap":{"0":{"loc":{"start":{"line":17,"column":0},"end":{"line":21,"column":null}},"type":"if","locations":[{"start":{"line":17,"column":0},"end":{"line":21,"column":null}}]},"1":{"loc":{"start":{"line":18,"column":1},"end":{"line":20,"column":null}},"type":"if","locations":[{"start":{"line":18,"column":1},"end":{"line":20,"column":null}}]},"2":{"loc":{"start":{"line":19,"column":22},"end":{"line":19,"column":58}},"type":"binary-expr","locations":[{"start":{"line":19,"column":22},"end":{"line":19,"column":50}},{"start":{"line":19,"column":54},"end":{"line":19,"column":58}}]},"3":{"loc":{"start":{"line":49,"column":1},"end":{"line":55,"column":null}},"type":"if","locations":[{"start":{"line":49,"column":1},"end":{"line":55,"column":null}},{"start":{"line":52,"column":8},"end":{"line":55,"column":null}}]},"4":{"loc":{"start":{"line":60,"column":1},"end":{"line":64,"column":null}},"type":"if","locations":[{"start":{"line":60,"column":1},"end":{"line":64,"column":null}},{"start":{"line":62,"column":8},"end":{"line":64,"column":null}}]},"5":{"loc":{"start":{"line":77,"column":1},"end":{"line":79,"column":null}},"type":"if","locations":[{"start":{"line":77,"column":1},"end":{"line":79,"column":null}}]}},"s":{"0":2,"1":2,"2":2,"3":2,"4":2,"5":2,"6":0,"7":2,"8":2,"9":2,"10":0,"11":0,"12":0,"13":0,"14":0,"15":0,"16":0,"17":0,"18":0,"19":0,"20":0,"21":0,"22":0,"23":0,"24":0,"25":0,"26":2,"27":2,"28":2,"29":2},"f":{"0":0,"1":0,"2":2},"b":{"0":[2],"1":[0],"2":[0,0],"3":[0,0],"4":[0,0],"5":[2]}}
}
