TN:
SF:src/components/input-form.svelte
FNF:0
FNH:0
DA:2,1
DA:3,1
DA:4,1
DA:6,2
DA:7,2
DA:8,2
DA:9,2
DA:11,2
DA:14,1
DA:21,1
DA:25,5
DA:26,2
DA:27,1
DA:30,2
DA:31,2
DA:32,2
DA:33,3
DA:35,2
DA:36,2
DA:37,3
DA:40,2
DA:41,2
DA:42,3
DA:45,2
DA:46,2
DA:47,3
DA:50,2
LF:27
LH:27
BRDA:33,0,0,2
BRDA:33,0,1,1
BRDA:37,1,0,2
BRDA:37,1,1,1
BRDA:26,2,0,1
BRDA:25,3,0,1
BRF:6
BRH:6
end_of_record
TN:
SF:src/components/nav.svelte
FNF:0
FNH:0
DA:1,1
DA:2,1
DA:3,1
LF:3
LH:3
BRF:0
BRH:0
end_of_record
TN:
SF:src/components/result-table.svelte
FN:26,(anonymous_7)
FNF:1
FNH:0
FNDA:0,(anonymous_7)
DA:2,1
DA:5,1
DA:6,1
DA:7,1
DA:8,1
DA:11,1
DA:12,1
DA:13,1
DA:16,1
DA:17,1
DA:20,1
DA:25,1
DA:26,1
DA:27,0
DA:28,0
DA:29,0
DA:31,0
DA:32,0
DA:33,0
DA:35,0
DA:36,0
DA:37,0
DA:38,0
LF:23
LH:13
BRDA:29,0,0,0
BRDA:29,1,0,0
BRDA:29,1,1,0
BRDA:31,2,0,0
BRDA:31,3,0,0
BRDA:31,3,1,0
BRDA:33,4,0,0
BRDA:33,5,0,0
BRDA:33,5,1,0
BRDA:33,6,0,0
BRDA:33,6,1,0
BRDA:35,7,0,0
BRDA:35,8,0,0
BRDA:35,8,1,0
BRDA:36,9,0,0
BRDA:36,10,0,0
BRDA:36,10,1,0
BRDA:37,11,0,0
BRDA:37,12,0,0
BRDA:37,12,1,0
BRDA:38,13,0,0
BRDA:38,13,1,0
BRF:22
BRH:0
end_of_record
TN:
SF:src/stores/data-store.ts
FN:35,(anonymous_0)
FN:60,(anonymous_1)
FN:71,(anonymous_2)
FNF:3
FNH:3
FNDA:1,(anonymous_0)
FNDA:1,(anonymous_1)
FNDA:3,(anonymous_2)
DA:1,2
DA:2,2
DA:3,2
DA:5,2
DA:16,2
DA:18,2
DA:19,2
DA:20,0
DA:24,2
DA:26,2
DA:35,2
DA:36,1
DA:37,1
DA:38,1
DA:39,1
DA:41,1
DA:42,1
DA:43,1
DA:44,1
DA:47,1
DA:52,1
DA:54,0
DA:56,1
DA:57,1
DA:60,1
DA:71,2
DA:72,3
DA:73,3
LF:28
LH:26
BRDA:18,0,0,2
BRDA:19,1,0,0
BRDA:20,2,0,0
BRDA:20,2,1,0
BRDA:52,3,0,0
BRDA:52,3,1,1
BRDA:72,4,0,3
BRF:7
BRH:3
end_of_record
TN:
SF:src/utils/get-max-date.ts
FN:1,(anonymous_0)
FNF:1
FNH:1
FNDA:2,(anonymous_0)
DA:1,1
DA:2,2
DA:3,2
DA:4,2
DA:5,2
DA:7,2
DA:8,2
DA:9,2
DA:11,2
DA:12,2
DA:15,2
DA:16,0
DA:18,2
DA:21,2
LF:14
LH:13
BRDA:11,0,0,2
BRDA:15,1,0,0
BRDA:15,1,1,2
BRF:3
BRH:2
end_of_record
TN:
SF:src/utils/get-padded-month.ts
FN:1,(anonymous_0)
FNF:1
FNH:1
FNDA:2,(anonymous_0)
DA:1,2
DA:2,2
LF:2
LH:2
BRDA:2,0,0,1
BRDA:2,0,1,1
BRF:2
BRH:2
end_of_record
